
  can0  704   [1]  05
  can0  184   [7]  18 02 00 CA 5D 84 E1
  can0  384   [8]  30 F6 FF FF 17 02 00 00
  can0  484   [2]  00 00
  can0  384   [8]  30 F6 FF FF E4 FE FF FF
  can0  184   [7]  18 02 00 86 AB 84 E1
  can0  484   [2]  00 00
  can0  204   [3]  8F 01 00
  can0  384   [8]  30 F6 FF FF E5 01 00 00
  can0  184   [7]  50 02 00 74 F9 84 E1
  can0  484   [2]  00 00
  can0  384   [8]  30 F6 FF FF 77 03 00 00
  can0  184   [7]  50 02 00 30 47 85 E1
  can0  484   [2]  00 00
  can0  204   [3]  0E 01 00
  can0  384   [8]  41 F6 FF FF 05 FF FF FF
  can0  184   [7]  31 02 00 E6 95 85 E1
  can0  484   [2]  00 00
  can0  704   [1]  05
  can0  184   [7]  31 02 00 A2 E3 85 E1
  can0  384   [8]  30 F6 FF FF 88 03 00 00
  can0  484   [2]  00 00
  can0  204   [3]  07 01 00
  can0  184   [7]  33 02 00 8A 32 86 E1
  can0  384   [8]  41 F6 FF FF 70 01 00 00
  can0  484   [2]  00 00
  can0  384   [8]  30 F6 FF FF B8 00 00 00
  can0  184   [7]  33 02 00 46 80 86 E1
  can0  484   [2]  00 00
  can0  204   [3]  0F 01 00
  can0  084   [8]  10 FF 81 55 00 00 00 00